<?xml version="1.0" encoding="UTF-8"?>
<testsuite xmlns:xsi="http://www.w3.org/2001/XMLSchema-instance" xsi:noNamespaceSchemaLocation="https://maven.apache.org/surefire/maven-surefire-plugin/xsd/surefire-test-report.xsd" name="com.bishe.auth.TestRedis" time="1.154" tests="1" errors="0" skipped="0" failures="0">
  <properties>
    <property name="sun.desktop" value="windows"/>
    <property name="awt.toolkit" value="sun.awt.windows.WToolkit"/>
    <property name="java.specification.version" value="12"/>
    <property name="sun.cpu.isalist" value="amd64"/>
    <property name="sun.jnu.encoding" value="GBK"/>
    <property name="java.class.path" value="F:\aaEdu\education1.0\bishe-service-ucenter-auth\target\test-classes;F:\aaEdu\education1.0\bishe-service-ucenter-auth\target\classes;G:\apache-maven-3.5.2\maven_repository\javax\xml\bind\jaxb-api\2.3.0\jaxb-api-2.3.0.jar;G:\apache-maven-3.5.2\maven_repository\com\sun\xml\bind\jaxb-impl\2.1.14\jaxb-impl-2.1.14.jar;G:\apache-maven-3.5.2\maven_repository\com\sun\xml\fastinfoset\FastInfoset\1.2.12\FastInfoset-1.2.12.jar;G:\apache-maven-3.5.2\maven_repository\javax\xml\bind\jsr173_api\1.0\jsr173_api-1.0.jar;G:\apache-maven-3.5.2\maven_repository\com\sun\xml\bind\jaxb-core\2.3.0\jaxb-core-2.3.0.jar;G:\apache-maven-3.5.2\maven_repository\javax\activation\activation\1.1.1\activation-1.1.1.jar;G:\apache-maven-3.5.2\maven_repository\com\bishe\bishe-common\1.0-SNAPSHOT\bishe-common-1.0-SNAPSHOT.jar;G:\apache-maven-3.5.2\maven_repository\com\bishe\bishe-model\1.0-SNAPSHOT\bishe-model-1.0-SNAPSHOT.jar;G:\apache-maven-3.5.2\maven_repository\com\bishe\bishe-api\1.0-SNAPSHOT\bishe-api-1.0-SNAPSHOT.jar;G:\apache-maven-3.5.2\maven_repository\org\springframework\cloud\spring-cloud-starter-security\2.0.0.RELEASE\spring-cloud-starter-security-2.0.0.RELEASE.jar;G:\apache-maven-3.5.2\maven_repository\org\springframework\cloud\spring-cloud-starter\2.0.1.RELEASE\spring-cloud-starter-2.0.1.RELEASE.jar;G:\apache-maven-3.5.2\maven_repository\org\springframework\cloud\spring-cloud-context\2.0.1.RELEASE\spring-cloud-context-2.0.1.RELEASE.jar;G:\apache-maven-3.5.2\maven_repository\org\springframework\security\spring-security-rsa\1.0.5.RELEASE\spring-security-rsa-1.0.5.RELEASE.jar;G:\apache-maven-3.5.2\maven_repository\org\bouncycastle\bcpkix-jdk15on\1.56\bcpkix-jdk15on-1.56.jar;G:\apache-maven-3.5.2\maven_repository\org\bouncycastle\bcprov-jdk15on\1.56\bcprov-jdk15on-1.56.jar;G:\apache-maven-3.5.2\maven_repository\org\springframework\boot\spring-boot-starter-actuator\2.0.1.RELEASE\spring-boot-starter-actuator-2.0.1.RELEASE.jar;G:\apache-maven-3.5.2\maven_repository\org\springframework\boot\spring-boot-actuator-autoconfigure\2.0.1.RELEASE\spring-boot-actuator-autoconfigure-2.0.1.RELEASE.jar;G:\apache-maven-3.5.2\maven_repository\org\springframework\boot\spring-boot-actuator\2.0.1.RELEASE\spring-boot-actuator-2.0.1.RELEASE.jar;G:\apache-maven-3.5.2\maven_repository\io\micrometer\micrometer-core\1.0.3\micrometer-core-1.0.3.jar;G:\apache-maven-3.5.2\maven_repository\org\hdrhistogram\HdrHistogram\2.1.10\HdrHistogram-2.1.10.jar;G:\apache-maven-3.5.2\maven_repository\org\latencyutils\LatencyUtils\2.0.3\LatencyUtils-2.0.3.jar;G:\apache-maven-3.5.2\maven_repository\org\springframework\cloud\spring-cloud-security\2.0.0.RELEASE\spring-cloud-security-2.0.0.RELEASE.jar;G:\apache-maven-3.5.2\maven_repository\org\springframework\boot\spring-boot-starter-security\2.0.1.RELEASE\spring-boot-starter-security-2.0.1.RELEASE.jar;G:\apache-maven-3.5.2\maven_repository\org\springframework\security\spring-security-config\5.0.4.RELEASE\spring-security-config-5.0.4.RELEASE.jar;G:\apache-maven-3.5.2\maven_repository\org\springframework\security\spring-security-web\5.0.4.RELEASE\spring-security-web-5.0.4.RELEASE.jar;G:\apache-maven-3.5.2\maven_repository\org\springframework\cloud\spring-cloud-starter-oauth2\2.0.0.RELEASE\spring-cloud-starter-oauth2-2.0.0.RELEASE.jar;G:\apache-maven-3.5.2\maven_repository\org\springframework\security\oauth\boot\spring-security-oauth2-autoconfigure\2.0.0.RELEASE\spring-security-oauth2-autoconfigure-2.0.0.RELEASE.jar;G:\apache-maven-3.5.2\maven_repository\com\fasterxml\jackson\core\jackson-annotations\2.9.0\jackson-annotations-2.9.0.jar;G:\apache-maven-3.5.2\maven_repository\com\fasterxml\jackson\core\jackson-databind\2.9.5\jackson-databind-2.9.5.jar;G:\apache-maven-3.5.2\maven_repository\com\fasterxml\jackson\core\jackson-core\2.9.5\jackson-core-2.9.5.jar;G:\apache-maven-3.5.2\maven_repository\org\springframework\boot\spring-boot\2.0.1.RELEASE\spring-boot-2.0.1.RELEASE.jar;G:\apache-maven-3.5.2\maven_repository\org\springframework\security\oauth\spring-security-oauth2\2.2.1.RELEASE\spring-security-oauth2-2.2.1.RELEASE.jar;G:\apache-maven-3.5.2\maven_repository\org\springframework\security\spring-security-core\5.0.4.RELEASE\spring-security-core-5.0.4.RELEASE.jar;G:\apache-maven-3.5.2\maven_repository\commons-codec\commons-codec\1.10\commons-codec-1.10.jar;G:\apache-maven-3.5.2\maven_repository\org\codehaus\jackson\jackson-mapper-asl\1.9.13\jackson-mapper-asl-1.9.13.jar;G:\apache-maven-3.5.2\maven_repository\org\codehaus\jackson\jackson-core-asl\1.9.13\jackson-core-asl-1.9.13.jar;G:\apache-maven-3.5.2\maven_repository\org\springframework\security\spring-security-jwt\1.0.9.RELEASE\spring-security-jwt-1.0.9.RELEASE.jar;G:\apache-maven-3.5.2\maven_repository\org\springframework\boot\spring-boot-starter-web\2.0.1.RELEASE\spring-boot-starter-web-2.0.1.RELEASE.jar;G:\apache-maven-3.5.2\maven_repository\org\springframework\boot\spring-boot-starter\2.0.1.RELEASE\spring-boot-starter-2.0.1.RELEASE.jar;G:\apache-maven-3.5.2\maven_repository\org\springframework\boot\spring-boot-starter-logging\2.0.1.RELEASE\spring-boot-starter-logging-2.0.1.RELEASE.jar;G:\apache-maven-3.5.2\maven_repository\ch\qos\logback\logback-classic\1.2.3\logback-classic-1.2.3.jar;G:\apache-maven-3.5.2\maven_repository\ch\qos\logback\logback-core\1.2.3\logback-core-1.2.3.jar;G:\apache-maven-3.5.2\maven_repository\org\apache\logging\log4j\log4j-to-slf4j\2.10.0\log4j-to-slf4j-2.10.0.jar;G:\apache-maven-3.5.2\maven_repository\org\apache\logging\log4j\log4j-api\2.10.0\log4j-api-2.10.0.jar;G:\apache-maven-3.5.2\maven_repository\org\slf4j\jul-to-slf4j\1.7.25\jul-to-slf4j-1.7.25.jar;G:\apache-maven-3.5.2\maven_repository\javax\annotation\javax.annotation-api\1.3.2\javax.annotation-api-1.3.2.jar;G:\apache-maven-3.5.2\maven_repository\org\yaml\snakeyaml\1.19\snakeyaml-1.19.jar;G:\apache-maven-3.5.2\maven_repository\org\springframework\boot\spring-boot-starter-json\2.0.1.RELEASE\spring-boot-starter-json-2.0.1.RELEASE.jar;G:\apache-maven-3.5.2\maven_repository\com\fasterxml\jackson\datatype\jackson-datatype-jdk8\2.9.5\jackson-datatype-jdk8-2.9.5.jar;G:\apache-maven-3.5.2\maven_repository\com\fasterxml\jackson\datatype\jackson-datatype-jsr310\2.9.5\jackson-datatype-jsr310-2.9.5.jar;G:\apache-maven-3.5.2\maven_repository\com\fasterxml\jackson\module\jackson-module-parameter-names\2.9.5\jackson-module-parameter-names-2.9.5.jar;G:\apache-maven-3.5.2\maven_repository\org\springframework\boot\spring-boot-starter-tomcat\2.0.1.RELEASE\spring-boot-starter-tomcat-2.0.1.RELEASE.jar;G:\apache-maven-3.5.2\maven_repository\org\apache\tomcat\embed\tomcat-embed-core\8.5.43\tomcat-embed-core-8.5.43.jar;G:\apache-maven-3.5.2\maven_repository\org\apache\tomcat\embed\tomcat-embed-el\8.5.43\tomcat-embed-el-8.5.43.jar;G:\apache-maven-3.5.2\maven_repository\org\apache\tomcat\embed\tomcat-embed-websocket\8.5.43\tomcat-embed-websocket-8.5.43.jar;G:\apache-maven-3.5.2\maven_repository\org\hibernate\validator\hibernate-validator\6.0.9.Final\hibernate-validator-6.0.9.Final.jar;G:\apache-maven-3.5.2\maven_repository\javax\validation\validation-api\2.0.1.Final\validation-api-2.0.1.Final.jar;G:\apache-maven-3.5.2\maven_repository\org\jboss\logging\jboss-logging\3.3.2.Final\jboss-logging-3.3.2.Final.jar;G:\apache-maven-3.5.2\maven_repository\com\fasterxml\classmate\1.3.4\classmate-1.3.4.jar;G:\apache-maven-3.5.2\maven_repository\org\springframework\spring-web\5.0.5.RELEASE\spring-web-5.0.5.RELEASE.jar;G:\apache-maven-3.5.2\maven_repository\org\springframework\spring-webmvc\5.0.5.RELEASE\spring-webmvc-5.0.5.RELEASE.jar;G:\apache-maven-3.5.2\maven_repository\org\springframework\spring-aop\5.0.5.RELEASE\spring-aop-5.0.5.RELEASE.jar;G:\apache-maven-3.5.2\maven_repository\org\springframework\spring-context\5.0.5.RELEASE\spring-context-5.0.5.RELEASE.jar;G:\apache-maven-3.5.2\maven_repository\org\springframework\spring-expression\5.0.5.RELEASE\spring-expression-5.0.5.RELEASE.jar;G:\apache-maven-3.5.2\maven_repository\org\springframework\boot\spring-boot-starter-data-redis\2.0.1.RELEASE\spring-boot-starter-data-redis-2.0.1.RELEASE.jar;G:\apache-maven-3.5.2\maven_repository\org\springframework\data\spring-data-redis\2.0.6.RELEASE\spring-data-redis-2.0.6.RELEASE.jar;G:\apache-maven-3.5.2\maven_repository\org\springframework\data\spring-data-keyvalue\2.0.6.RELEASE\spring-data-keyvalue-2.0.6.RELEASE.jar;G:\apache-maven-3.5.2\maven_repository\org\springframework\data\spring-data-commons\2.0.6.RELEASE\spring-data-commons-2.0.6.RELEASE.jar;G:\apache-maven-3.5.2\maven_repository\org\springframework\spring-oxm\5.0.5.RELEASE\spring-oxm-5.0.5.RELEASE.jar;G:\apache-maven-3.5.2\maven_repository\org\springframework\spring-context-support\5.0.5.RELEASE\spring-context-support-5.0.5.RELEASE.jar;G:\apache-maven-3.5.2\maven_repository\io\lettuce\lettuce-core\5.0.3.RELEASE\lettuce-core-5.0.3.RELEASE.jar;G:\apache-maven-3.5.2\maven_repository\io\projectreactor\reactor-core\3.1.6.RELEASE\reactor-core-3.1.6.RELEASE.jar;G:\apache-maven-3.5.2\maven_repository\org\reactivestreams\reactive-streams\1.0.2\reactive-streams-1.0.2.jar;G:\apache-maven-3.5.2\maven_repository\io\netty\netty-common\4.1.23.Final\netty-common-4.1.23.Final.jar;G:\apache-maven-3.5.2\maven_repository\io\netty\netty-transport\4.1.23.Final\netty-transport-4.1.23.Final.jar;G:\apache-maven-3.5.2\maven_repository\io\netty\netty-buffer\4.1.23.Final\netty-buffer-4.1.23.Final.jar;G:\apache-maven-3.5.2\maven_repository\io\netty\netty-resolver\4.1.23.Final\netty-resolver-4.1.23.Final.jar;G:\apache-maven-3.5.2\maven_repository\io\netty\netty-handler\4.1.23.Final\netty-handler-4.1.23.Final.jar;G:\apache-maven-3.5.2\maven_repository\io\netty\netty-codec\4.1.23.Final\netty-codec-4.1.23.Final.jar;G:\apache-maven-3.5.2\maven_repository\com\squareup\okhttp3\okhttp\3.9.1\okhttp-3.9.1.jar;G:\apache-maven-3.5.2\maven_repository\com\squareup\okio\okio\1.13.0\okio-1.13.0.jar;G:\apache-maven-3.5.2\maven_repository\org\springframework\cloud\spring-cloud-starter-openfeign\2.0.1.RELEASE\spring-cloud-starter-openfeign-2.0.1.RELEASE.jar;G:\apache-maven-3.5.2\maven_repository\org\springframework\cloud\spring-cloud-openfeign-core\2.0.1.RELEASE\spring-cloud-openfeign-core-2.0.1.RELEASE.jar;G:\apache-maven-3.5.2\maven_repository\org\springframework\cloud\spring-cloud-netflix-ribbon\2.0.1.RELEASE\spring-cloud-netflix-ribbon-2.0.1.RELEASE.jar;G:\apache-maven-3.5.2\maven_repository\org\springframework\cloud\spring-cloud-netflix-archaius\2.0.1.RELEASE\spring-cloud-netflix-archaius-2.0.1.RELEASE.jar;G:\apache-maven-3.5.2\maven_repository\org\springframework\boot\spring-boot-starter-aop\2.0.1.RELEASE\spring-boot-starter-aop-2.0.1.RELEASE.jar;G:\apache-maven-3.5.2\maven_repository\org\aspectj\aspectjweaver\1.8.13\aspectjweaver-1.8.13.jar;G:\apache-maven-3.5.2\maven_repository\org\springframework\cloud\spring-cloud-commons\2.0.1.RELEASE\spring-cloud-commons-2.0.1.RELEASE.jar;G:\apache-maven-3.5.2\maven_repository\org\springframework\security\spring-security-crypto\5.0.4.RELEASE\spring-security-crypto-5.0.4.RELEASE.jar;G:\apache-maven-3.5.2\maven_repository\io\github\openfeign\feign-core\9.5.1\feign-core-9.5.1.jar;G:\apache-maven-3.5.2\maven_repository\io\github\openfeign\feign-slf4j\9.5.1\feign-slf4j-9.5.1.jar;G:\apache-maven-3.5.2\maven_repository\io\github\openfeign\feign-hystrix\9.5.1\feign-hystrix-9.5.1.jar;G:\apache-maven-3.5.2\maven_repository\com\netflix\archaius\archaius-core\0.7.6\archaius-core-0.7.6.jar;G:\apache-maven-3.5.2\maven_repository\com\google\code\findbugs\jsr305\3.0.1\jsr305-3.0.1.jar;G:\apache-maven-3.5.2\maven_repository\commons-configuration\commons-configuration\1.8\commons-configuration-1.8.jar;G:\apache-maven-3.5.2\maven_repository\commons-lang\commons-lang\2.6\commons-lang-2.6.jar;G:\apache-maven-3.5.2\maven_repository\com\google\guava\guava\24.0-jre\guava-24.0-jre.jar;G:\apache-maven-3.5.2\maven_repository\org\checkerframework\checker-compat-qual\2.0.0\checker-compat-qual-2.0.0.jar;G:\apache-maven-3.5.2\maven_repository\com\google\errorprone\error_prone_annotations\2.1.3\error_prone_annotations-2.1.3.jar;G:\apache-maven-3.5.2\maven_repository\com\google\j2objc\j2objc-annotations\1.1\j2objc-annotations-1.1.jar;G:\apache-maven-3.5.2\maven_repository\org\codehaus\mojo\animal-sniffer-annotations\1.14\animal-sniffer-annotations-1.14.jar;G:\apache-maven-3.5.2\maven_repository\com\netflix\hystrix\hystrix-core\1.5.12\hystrix-core-1.5.12.jar;G:\apache-maven-3.5.2\maven_repository\io\reactivex\rxjava\1.3.8\rxjava-1.3.8.jar;G:\apache-maven-3.5.2\maven_repository\io\github\openfeign\feign-java8\9.5.1\feign-java8-9.5.1.jar;G:\apache-maven-3.5.2\maven_repository\com\netflix\feign\feign-okhttp\8.18.0\feign-okhttp-8.18.0.jar;G:\apache-maven-3.5.2\maven_repository\com\netflix\feign\feign-core\8.18.0\feign-core-8.18.0.jar;G:\apache-maven-3.5.2\maven_repository\org\jvnet\animal-sniffer-annotation\1.0\animal-sniffer-annotation-1.0.jar;G:\apache-maven-3.5.2\maven_repository\com\alibaba\druid-spring-boot-starter\1.1.10\druid-spring-boot-starter-1.1.10.jar;G:\apache-maven-3.5.2\maven_repository\org\slf4j\slf4j-api\1.7.25\slf4j-api-1.7.25.jar;G:\apache-maven-3.5.2\maven_repository\org\springframework\boot\spring-boot-autoconfigure\2.0.1.RELEASE\spring-boot-autoconfigure-2.0.1.RELEASE.jar;G:\apache-maven-3.5.2\maven_repository\mysql\mysql-connector-java\5.1.40\mysql-connector-java-5.1.40.jar;G:\apache-maven-3.5.2\maven_repository\org\springframework\spring-orm\5.0.5.RELEASE\spring-orm-5.0.5.RELEASE.jar;G:\apache-maven-3.5.2\maven_repository\org\springframework\spring-beans\5.0.5.RELEASE\spring-beans-5.0.5.RELEASE.jar;G:\apache-maven-3.5.2\maven_repository\org\springframework\spring-core\5.0.5.RELEASE\spring-core-5.0.5.RELEASE.jar;G:\apache-maven-3.5.2\maven_repository\org\springframework\spring-jcl\5.0.5.RELEASE\spring-jcl-5.0.5.RELEASE.jar;G:\apache-maven-3.5.2\maven_repository\org\springframework\spring-jdbc\5.0.5.RELEASE\spring-jdbc-5.0.5.RELEASE.jar;G:\apache-maven-3.5.2\maven_repository\org\springframework\spring-tx\5.0.5.RELEASE\spring-tx-5.0.5.RELEASE.jar;G:\apache-maven-3.5.2\maven_repository\com\alibaba\druid\1.1.6\druid-1.1.6.jar;G:\apache-maven-3.5.2\maven_repository\com\alibaba\fastjson\1.2.30\fastjson-1.2.30.jar;G:\apache-maven-3.5.2\maven_repository\commons-io\commons-io\2.6\commons-io-2.6.jar;G:\apache-maven-3.5.2\maven_repository\org\apache\commons\commons-lang3\3.6\commons-lang3-3.6.jar;G:\apache-maven-3.5.2\maven_repository\org\springframework\boot\spring-boot-starter-test\2.0.1.RELEASE\spring-boot-starter-test-2.0.1.RELEASE.jar;G:\apache-maven-3.5.2\maven_repository\org\springframework\boot\spring-boot-test\2.0.1.RELEASE\spring-boot-test-2.0.1.RELEASE.jar;G:\apache-maven-3.5.2\maven_repository\org\springframework\boot\spring-boot-test-autoconfigure\2.0.1.RELEASE\spring-boot-test-autoconfigure-2.0.1.RELEASE.jar;G:\apache-maven-3.5.2\maven_repository\com\jayway\jsonpath\json-path\2.4.0\json-path-2.4.0.jar;G:\apache-maven-3.5.2\maven_repository\net\minidev\json-smart\2.3\json-smart-2.3.jar;G:\apache-maven-3.5.2\maven_repository\net\minidev\accessors-smart\1.2\accessors-smart-1.2.jar;G:\apache-maven-3.5.2\maven_repository\org\ow2\asm\asm\5.0.4\asm-5.0.4.jar;G:\apache-maven-3.5.2\maven_repository\junit\junit\4.12\junit-4.12.jar;G:\apache-maven-3.5.2\maven_repository\org\assertj\assertj-core\3.9.1\assertj-core-3.9.1.jar;G:\apache-maven-3.5.2\maven_repository\org\mockito\mockito-core\2.15.0\mockito-core-2.15.0.jar;G:\apache-maven-3.5.2\maven_repository\net\bytebuddy\byte-buddy\1.7.11\byte-buddy-1.7.11.jar;G:\apache-maven-3.5.2\maven_repository\net\bytebuddy\byte-buddy-agent\1.7.11\byte-buddy-agent-1.7.11.jar;G:\apache-maven-3.5.2\maven_repository\org\objenesis\objenesis\2.6\objenesis-2.6.jar;G:\apache-maven-3.5.2\maven_repository\org\hamcrest\hamcrest-core\1.3\hamcrest-core-1.3.jar;G:\apache-maven-3.5.2\maven_repository\org\hamcrest\hamcrest-library\1.3\hamcrest-library-1.3.jar;G:\apache-maven-3.5.2\maven_repository\org\skyscreamer\jsonassert\1.5.0\jsonassert-1.5.0.jar;G:\apache-maven-3.5.2\maven_repository\com\vaadin\external\google\android-json\0.0.20131108.vaadin1\android-json-0.0.20131108.vaadin1.jar;G:\apache-maven-3.5.2\maven_repository\org\springframework\spring-test\5.0.5.RELEASE\spring-test-5.0.5.RELEASE.jar;G:\apache-maven-3.5.2\maven_repository\org\xmlunit\xmlunit-core\2.5.1\xmlunit-core-2.5.1.jar;"/>
    <property name="java.vm.vendor" value="Oracle Corporation"/>
    <property name="sun.arch.data.model" value="64"/>
    <property name="user.variant" value=""/>
    <property name="java.vendor.url" value="https://java.oracle.com/"/>
    <property name="os.name" value="Windows 10"/>
    <property name="java.vm.specification.version" value="12"/>
    <property name="sun.java.launcher" value="SUN_STANDARD"/>
    <property name="user.country" value="CN"/>
    <property name="sun.boot.library.path" value="G:\java0\java12\bin"/>
    <property name="sun.java.command" value="C:\Users\dlice\AppData\Local\Temp\surefire11917366200221222587\surefirebooter6646040153702430072.jar C:\Users\dlice\AppData\Local\Temp\surefire11917366200221222587 2020-04-05T10-13-54_741-jvmRun1 surefire12023078568061091045tmp surefire_08561933625275942493tmp"/>
    <property name="jdk.debug" value="release"/>
    <property name="surefire.test.class.path" value="F:\aaEdu\education1.0\bishe-service-ucenter-auth\target\test-classes;F:\aaEdu\education1.0\bishe-service-ucenter-auth\target\classes;G:\apache-maven-3.5.2\maven_repository\javax\xml\bind\jaxb-api\2.3.0\jaxb-api-2.3.0.jar;G:\apache-maven-3.5.2\maven_repository\com\sun\xml\bind\jaxb-impl\2.1.14\jaxb-impl-2.1.14.jar;G:\apache-maven-3.5.2\maven_repository\com\sun\xml\fastinfoset\FastInfoset\1.2.12\FastInfoset-1.2.12.jar;G:\apache-maven-3.5.2\maven_repository\javax\xml\bind\jsr173_api\1.0\jsr173_api-1.0.jar;G:\apache-maven-3.5.2\maven_repository\com\sun\xml\bind\jaxb-core\2.3.0\jaxb-core-2.3.0.jar;G:\apache-maven-3.5.2\maven_repository\javax\activation\activation\1.1.1\activation-1.1.1.jar;G:\apache-maven-3.5.2\maven_repository\com\bishe\bishe-common\1.0-SNAPSHOT\bishe-common-1.0-SNAPSHOT.jar;G:\apache-maven-3.5.2\maven_repository\com\bishe\bishe-model\1.0-SNAPSHOT\bishe-model-1.0-SNAPSHOT.jar;G:\apache-maven-3.5.2\maven_repository\com\bishe\bishe-api\1.0-SNAPSHOT\bishe-api-1.0-SNAPSHOT.jar;G:\apache-maven-3.5.2\maven_repository\org\springframework\cloud\spring-cloud-starter-security\2.0.0.RELEASE\spring-cloud-starter-security-2.0.0.RELEASE.jar;G:\apache-maven-3.5.2\maven_repository\org\springframework\cloud\spring-cloud-starter\2.0.1.RELEASE\spring-cloud-starter-2.0.1.RELEASE.jar;G:\apache-maven-3.5.2\maven_repository\org\springframework\cloud\spring-cloud-context\2.0.1.RELEASE\spring-cloud-context-2.0.1.RELEASE.jar;G:\apache-maven-3.5.2\maven_repository\org\springframework\security\spring-security-rsa\1.0.5.RELEASE\spring-security-rsa-1.0.5.RELEASE.jar;G:\apache-maven-3.5.2\maven_repository\org\bouncycastle\bcpkix-jdk15on\1.56\bcpkix-jdk15on-1.56.jar;G:\apache-maven-3.5.2\maven_repository\org\bouncycastle\bcprov-jdk15on\1.56\bcprov-jdk15on-1.56.jar;G:\apache-maven-3.5.2\maven_repository\org\springframework\boot\spring-boot-starter-actuator\2.0.1.RELEASE\spring-boot-starter-actuator-2.0.1.RELEASE.jar;G:\apache-maven-3.5.2\maven_repository\org\springframework\boot\spring-boot-actuator-autoconfigure\2.0.1.RELEASE\spring-boot-actuator-autoconfigure-2.0.1.RELEASE.jar;G:\apache-maven-3.5.2\maven_repository\org\springframework\boot\spring-boot-actuator\2.0.1.RELEASE\spring-boot-actuator-2.0.1.RELEASE.jar;G:\apache-maven-3.5.2\maven_repository\io\micrometer\micrometer-core\1.0.3\micrometer-core-1.0.3.jar;G:\apache-maven-3.5.2\maven_repository\org\hdrhistogram\HdrHistogram\2.1.10\HdrHistogram-2.1.10.jar;G:\apache-maven-3.5.2\maven_repository\org\latencyutils\LatencyUtils\2.0.3\LatencyUtils-2.0.3.jar;G:\apache-maven-3.5.2\maven_repository\org\springframework\cloud\spring-cloud-security\2.0.0.RELEASE\spring-cloud-security-2.0.0.RELEASE.jar;G:\apache-maven-3.5.2\maven_repository\org\springframework\boot\spring-boot-starter-security\2.0.1.RELEASE\spring-boot-starter-security-2.0.1.RELEASE.jar;G:\apache-maven-3.5.2\maven_repository\org\springframework\security\spring-security-config\5.0.4.RELEASE\spring-security-config-5.0.4.RELEASE.jar;G:\apache-maven-3.5.2\maven_repository\org\springframework\security\spring-security-web\5.0.4.RELEASE\spring-security-web-5.0.4.RELEASE.jar;G:\apache-maven-3.5.2\maven_repository\org\springframework\cloud\spring-cloud-starter-oauth2\2.0.0.RELEASE\spring-cloud-starter-oauth2-2.0.0.RELEASE.jar;G:\apache-maven-3.5.2\maven_repository\org\springframework\security\oauth\boot\spring-security-oauth2-autoconfigure\2.0.0.RELEASE\spring-security-oauth2-autoconfigure-2.0.0.RELEASE.jar;G:\apache-maven-3.5.2\maven_repository\com\fasterxml\jackson\core\jackson-annotations\2.9.0\jackson-annotations-2.9.0.jar;G:\apache-maven-3.5.2\maven_repository\com\fasterxml\jackson\core\jackson-databind\2.9.5\jackson-databind-2.9.5.jar;G:\apache-maven-3.5.2\maven_repository\com\fasterxml\jackson\core\jackson-core\2.9.5\jackson-core-2.9.5.jar;G:\apache-maven-3.5.2\maven_repository\org\springframework\boot\spring-boot\2.0.1.RELEASE\spring-boot-2.0.1.RELEASE.jar;G:\apache-maven-3.5.2\maven_repository\org\springframework\security\oauth\spring-security-oauth2\2.2.1.RELEASE\spring-security-oauth2-2.2.1.RELEASE.jar;G:\apache-maven-3.5.2\maven_repository\org\springframework\security\spring-security-core\5.0.4.RELEASE\spring-security-core-5.0.4.RELEASE.jar;G:\apache-maven-3.5.2\maven_repository\commons-codec\commons-codec\1.10\commons-codec-1.10.jar;G:\apache-maven-3.5.2\maven_repository\org\codehaus\jackson\jackson-mapper-asl\1.9.13\jackson-mapper-asl-1.9.13.jar;G:\apache-maven-3.5.2\maven_repository\org\codehaus\jackson\jackson-core-asl\1.9.13\jackson-core-asl-1.9.13.jar;G:\apache-maven-3.5.2\maven_repository\org\springframework\security\spring-security-jwt\1.0.9.RELEASE\spring-security-jwt-1.0.9.RELEASE.jar;G:\apache-maven-3.5.2\maven_repository\org\springframework\boot\spring-boot-starter-web\2.0.1.RELEASE\spring-boot-starter-web-2.0.1.RELEASE.jar;G:\apache-maven-3.5.2\maven_repository\org\springframework\boot\spring-boot-starter\2.0.1.RELEASE\spring-boot-starter-2.0.1.RELEASE.jar;G:\apache-maven-3.5.2\maven_repository\org\springframework\boot\spring-boot-starter-logging\2.0.1.RELEASE\spring-boot-starter-logging-2.0.1.RELEASE.jar;G:\apache-maven-3.5.2\maven_repository\ch\qos\logback\logback-classic\1.2.3\logback-classic-1.2.3.jar;G:\apache-maven-3.5.2\maven_repository\ch\qos\logback\logback-core\1.2.3\logback-core-1.2.3.jar;G:\apache-maven-3.5.2\maven_repository\org\apache\logging\log4j\log4j-to-slf4j\2.10.0\log4j-to-slf4j-2.10.0.jar;G:\apache-maven-3.5.2\maven_repository\org\apache\logging\log4j\log4j-api\2.10.0\log4j-api-2.10.0.jar;G:\apache-maven-3.5.2\maven_repository\org\slf4j\jul-to-slf4j\1.7.25\jul-to-slf4j-1.7.25.jar;G:\apache-maven-3.5.2\maven_repository\javax\annotation\javax.annotation-api\1.3.2\javax.annotation-api-1.3.2.jar;G:\apache-maven-3.5.2\maven_repository\org\yaml\snakeyaml\1.19\snakeyaml-1.19.jar;G:\apache-maven-3.5.2\maven_repository\org\springframework\boot\spring-boot-starter-json\2.0.1.RELEASE\spring-boot-starter-json-2.0.1.RELEASE.jar;G:\apache-maven-3.5.2\maven_repository\com\fasterxml\jackson\datatype\jackson-datatype-jdk8\2.9.5\jackson-datatype-jdk8-2.9.5.jar;G:\apache-maven-3.5.2\maven_repository\com\fasterxml\jackson\datatype\jackson-datatype-jsr310\2.9.5\jackson-datatype-jsr310-2.9.5.jar;G:\apache-maven-3.5.2\maven_repository\com\fasterxml\jackson\module\jackson-module-parameter-names\2.9.5\jackson-module-parameter-names-2.9.5.jar;G:\apache-maven-3.5.2\maven_repository\org\springframework\boot\spring-boot-starter-tomcat\2.0.1.RELEASE\spring-boot-starter-tomcat-2.0.1.RELEASE.jar;G:\apache-maven-3.5.2\maven_repository\org\apache\tomcat\embed\tomcat-embed-core\8.5.43\tomcat-embed-core-8.5.43.jar;G:\apache-maven-3.5.2\maven_repository\org\apache\tomcat\embed\tomcat-embed-el\8.5.43\tomcat-embed-el-8.5.43.jar;G:\apache-maven-3.5.2\maven_repository\org\apache\tomcat\embed\tomcat-embed-websocket\8.5.43\tomcat-embed-websocket-8.5.43.jar;G:\apache-maven-3.5.2\maven_repository\org\hibernate\validator\hibernate-validator\6.0.9.Final\hibernate-validator-6.0.9.Final.jar;G:\apache-maven-3.5.2\maven_repository\javax\validation\validation-api\2.0.1.Final\validation-api-2.0.1.Final.jar;G:\apache-maven-3.5.2\maven_repository\org\jboss\logging\jboss-logging\3.3.2.Final\jboss-logging-3.3.2.Final.jar;G:\apache-maven-3.5.2\maven_repository\com\fasterxml\classmate\1.3.4\classmate-1.3.4.jar;G:\apache-maven-3.5.2\maven_repository\org\springframework\spring-web\5.0.5.RELEASE\spring-web-5.0.5.RELEASE.jar;G:\apache-maven-3.5.2\maven_repository\org\springframework\spring-webmvc\5.0.5.RELEASE\spring-webmvc-5.0.5.RELEASE.jar;G:\apache-maven-3.5.2\maven_repository\org\springframework\spring-aop\5.0.5.RELEASE\spring-aop-5.0.5.RELEASE.jar;G:\apache-maven-3.5.2\maven_repository\org\springframework\spring-context\5.0.5.RELEASE\spring-context-5.0.5.RELEASE.jar;G:\apache-maven-3.5.2\maven_repository\org\springframework\spring-expression\5.0.5.RELEASE\spring-expression-5.0.5.RELEASE.jar;G:\apache-maven-3.5.2\maven_repository\org\springframework\boot\spring-boot-starter-data-redis\2.0.1.RELEASE\spring-boot-starter-data-redis-2.0.1.RELEASE.jar;G:\apache-maven-3.5.2\maven_repository\org\springframework\data\spring-data-redis\2.0.6.RELEASE\spring-data-redis-2.0.6.RELEASE.jar;G:\apache-maven-3.5.2\maven_repository\org\springframework\data\spring-data-keyvalue\2.0.6.RELEASE\spring-data-keyvalue-2.0.6.RELEASE.jar;G:\apache-maven-3.5.2\maven_repository\org\springframework\data\spring-data-commons\2.0.6.RELEASE\spring-data-commons-2.0.6.RELEASE.jar;G:\apache-maven-3.5.2\maven_repository\org\springframework\spring-oxm\5.0.5.RELEASE\spring-oxm-5.0.5.RELEASE.jar;G:\apache-maven-3.5.2\maven_repository\org\springframework\spring-context-support\5.0.5.RELEASE\spring-context-support-5.0.5.RELEASE.jar;G:\apache-maven-3.5.2\maven_repository\io\lettuce\lettuce-core\5.0.3.RELEASE\lettuce-core-5.0.3.RELEASE.jar;G:\apache-maven-3.5.2\maven_repository\io\projectreactor\reactor-core\3.1.6.RELEASE\reactor-core-3.1.6.RELEASE.jar;G:\apache-maven-3.5.2\maven_repository\org\reactivestreams\reactive-streams\1.0.2\reactive-streams-1.0.2.jar;G:\apache-maven-3.5.2\maven_repository\io\netty\netty-common\4.1.23.Final\netty-common-4.1.23.Final.jar;G:\apache-maven-3.5.2\maven_repository\io\netty\netty-transport\4.1.23.Final\netty-transport-4.1.23.Final.jar;G:\apache-maven-3.5.2\maven_repository\io\netty\netty-buffer\4.1.23.Final\netty-buffer-4.1.23.Final.jar;G:\apache-maven-3.5.2\maven_repository\io\netty\netty-resolver\4.1.23.Final\netty-resolver-4.1.23.Final.jar;G:\apache-maven-3.5.2\maven_repository\io\netty\netty-handler\4.1.23.Final\netty-handler-4.1.23.Final.jar;G:\apache-maven-3.5.2\maven_repository\io\netty\netty-codec\4.1.23.Final\netty-codec-4.1.23.Final.jar;G:\apache-maven-3.5.2\maven_repository\com\squareup\okhttp3\okhttp\3.9.1\okhttp-3.9.1.jar;G:\apache-maven-3.5.2\maven_repository\com\squareup\okio\okio\1.13.0\okio-1.13.0.jar;G:\apache-maven-3.5.2\maven_repository\org\springframework\cloud\spring-cloud-starter-openfeign\2.0.1.RELEASE\spring-cloud-starter-openfeign-2.0.1.RELEASE.jar;G:\apache-maven-3.5.2\maven_repository\org\springframework\cloud\spring-cloud-openfeign-core\2.0.1.RELEASE\spring-cloud-openfeign-core-2.0.1.RELEASE.jar;G:\apache-maven-3.5.2\maven_repository\org\springframework\cloud\spring-cloud-netflix-ribbon\2.0.1.RELEASE\spring-cloud-netflix-ribbon-2.0.1.RELEASE.jar;G:\apache-maven-3.5.2\maven_repository\org\springframework\cloud\spring-cloud-netflix-archaius\2.0.1.RELEASE\spring-cloud-netflix-archaius-2.0.1.RELEASE.jar;G:\apache-maven-3.5.2\maven_repository\org\springframework\boot\spring-boot-starter-aop\2.0.1.RELEASE\spring-boot-starter-aop-2.0.1.RELEASE.jar;G:\apache-maven-3.5.2\maven_repository\org\aspectj\aspectjweaver\1.8.13\aspectjweaver-1.8.13.jar;G:\apache-maven-3.5.2\maven_repository\org\springframework\cloud\spring-cloud-commons\2.0.1.RELEASE\spring-cloud-commons-2.0.1.RELEASE.jar;G:\apache-maven-3.5.2\maven_repository\org\springframework\security\spring-security-crypto\5.0.4.RELEASE\spring-security-crypto-5.0.4.RELEASE.jar;G:\apache-maven-3.5.2\maven_repository\io\github\openfeign\feign-core\9.5.1\feign-core-9.5.1.jar;G:\apache-maven-3.5.2\maven_repository\io\github\openfeign\feign-slf4j\9.5.1\feign-slf4j-9.5.1.jar;G:\apache-maven-3.5.2\maven_repository\io\github\openfeign\feign-hystrix\9.5.1\feign-hystrix-9.5.1.jar;G:\apache-maven-3.5.2\maven_repository\com\netflix\archaius\archaius-core\0.7.6\archaius-core-0.7.6.jar;G:\apache-maven-3.5.2\maven_repository\com\google\code\findbugs\jsr305\3.0.1\jsr305-3.0.1.jar;G:\apache-maven-3.5.2\maven_repository\commons-configuration\commons-configuration\1.8\commons-configuration-1.8.jar;G:\apache-maven-3.5.2\maven_repository\commons-lang\commons-lang\2.6\commons-lang-2.6.jar;G:\apache-maven-3.5.2\maven_repository\com\google\guava\guava\24.0-jre\guava-24.0-jre.jar;G:\apache-maven-3.5.2\maven_repository\org\checkerframework\checker-compat-qual\2.0.0\checker-compat-qual-2.0.0.jar;G:\apache-maven-3.5.2\maven_repository\com\google\errorprone\error_prone_annotations\2.1.3\error_prone_annotations-2.1.3.jar;G:\apache-maven-3.5.2\maven_repository\com\google\j2objc\j2objc-annotations\1.1\j2objc-annotations-1.1.jar;G:\apache-maven-3.5.2\maven_repository\org\codehaus\mojo\animal-sniffer-annotations\1.14\animal-sniffer-annotations-1.14.jar;G:\apache-maven-3.5.2\maven_repository\com\netflix\hystrix\hystrix-core\1.5.12\hystrix-core-1.5.12.jar;G:\apache-maven-3.5.2\maven_repository\io\reactivex\rxjava\1.3.8\rxjava-1.3.8.jar;G:\apache-maven-3.5.2\maven_repository\io\github\openfeign\feign-java8\9.5.1\feign-java8-9.5.1.jar;G:\apache-maven-3.5.2\maven_repository\com\netflix\feign\feign-okhttp\8.18.0\feign-okhttp-8.18.0.jar;G:\apache-maven-3.5.2\maven_repository\com\netflix\feign\feign-core\8.18.0\feign-core-8.18.0.jar;G:\apache-maven-3.5.2\maven_repository\org\jvnet\animal-sniffer-annotation\1.0\animal-sniffer-annotation-1.0.jar;G:\apache-maven-3.5.2\maven_repository\com\alibaba\druid-spring-boot-starter\1.1.10\druid-spring-boot-starter-1.1.10.jar;G:\apache-maven-3.5.2\maven_repository\org\slf4j\slf4j-api\1.7.25\slf4j-api-1.7.25.jar;G:\apache-maven-3.5.2\maven_repository\org\springframework\boot\spring-boot-autoconfigure\2.0.1.RELEASE\spring-boot-autoconfigure-2.0.1.RELEASE.jar;G:\apache-maven-3.5.2\maven_repository\mysql\mysql-connector-java\5.1.40\mysql-connector-java-5.1.40.jar;G:\apache-maven-3.5.2\maven_repository\org\springframework\spring-orm\5.0.5.RELEASE\spring-orm-5.0.5.RELEASE.jar;G:\apache-maven-3.5.2\maven_repository\org\springframework\spring-beans\5.0.5.RELEASE\spring-beans-5.0.5.RELEASE.jar;G:\apache-maven-3.5.2\maven_repository\org\springframework\spring-core\5.0.5.RELEASE\spring-core-5.0.5.RELEASE.jar;G:\apache-maven-3.5.2\maven_repository\org\springframework\spring-jcl\5.0.5.RELEASE\spring-jcl-5.0.5.RELEASE.jar;G:\apache-maven-3.5.2\maven_repository\org\springframework\spring-jdbc\5.0.5.RELEASE\spring-jdbc-5.0.5.RELEASE.jar;G:\apache-maven-3.5.2\maven_repository\org\springframework\spring-tx\5.0.5.RELEASE\spring-tx-5.0.5.RELEASE.jar;G:\apache-maven-3.5.2\maven_repository\com\alibaba\druid\1.1.6\druid-1.1.6.jar;G:\apache-maven-3.5.2\maven_repository\com\alibaba\fastjson\1.2.30\fastjson-1.2.30.jar;G:\apache-maven-3.5.2\maven_repository\commons-io\commons-io\2.6\commons-io-2.6.jar;G:\apache-maven-3.5.2\maven_repository\org\apache\commons\commons-lang3\3.6\commons-lang3-3.6.jar;G:\apache-maven-3.5.2\maven_repository\org\springframework\boot\spring-boot-starter-test\2.0.1.RELEASE\spring-boot-starter-test-2.0.1.RELEASE.jar;G:\apache-maven-3.5.2\maven_repository\org\springframework\boot\spring-boot-test\2.0.1.RELEASE\spring-boot-test-2.0.1.RELEASE.jar;G:\apache-maven-3.5.2\maven_repository\org\springframework\boot\spring-boot-test-autoconfigure\2.0.1.RELEASE\spring-boot-test-autoconfigure-2.0.1.RELEASE.jar;G:\apache-maven-3.5.2\maven_repository\com\jayway\jsonpath\json-path\2.4.0\json-path-2.4.0.jar;G:\apache-maven-3.5.2\maven_repository\net\minidev\json-smart\2.3\json-smart-2.3.jar;G:\apache-maven-3.5.2\maven_repository\net\minidev\accessors-smart\1.2\accessors-smart-1.2.jar;G:\apache-maven-3.5.2\maven_repository\org\ow2\asm\asm\5.0.4\asm-5.0.4.jar;G:\apache-maven-3.5.2\maven_repository\junit\junit\4.12\junit-4.12.jar;G:\apache-maven-3.5.2\maven_repository\org\assertj\assertj-core\3.9.1\assertj-core-3.9.1.jar;G:\apache-maven-3.5.2\maven_repository\org\mockito\mockito-core\2.15.0\mockito-core-2.15.0.jar;G:\apache-maven-3.5.2\maven_repository\net\bytebuddy\byte-buddy\1.7.11\byte-buddy-1.7.11.jar;G:\apache-maven-3.5.2\maven_repository\net\bytebuddy\byte-buddy-agent\1.7.11\byte-buddy-agent-1.7.11.jar;G:\apache-maven-3.5.2\maven_repository\org\objenesis\objenesis\2.6\objenesis-2.6.jar;G:\apache-maven-3.5.2\maven_repository\org\hamcrest\hamcrest-core\1.3\hamcrest-core-1.3.jar;G:\apache-maven-3.5.2\maven_repository\org\hamcrest\hamcrest-library\1.3\hamcrest-library-1.3.jar;G:\apache-maven-3.5.2\maven_repository\org\skyscreamer\jsonassert\1.5.0\jsonassert-1.5.0.jar;G:\apache-maven-3.5.2\maven_repository\com\vaadin\external\google\android-json\0.0.20131108.vaadin1\android-json-0.0.20131108.vaadin1.jar;G:\apache-maven-3.5.2\maven_repository\org\springframework\spring-test\5.0.5.RELEASE\spring-test-5.0.5.RELEASE.jar;G:\apache-maven-3.5.2\maven_repository\org\xmlunit\xmlunit-core\2.5.1\xmlunit-core-2.5.1.jar;"/>
    <property name="sun.cpu.endian" value="little"/>
    <property name="user.home" value="C:\Users\dlice"/>
    <property name="user.language" value="zh"/>
    <property name="java.specification.vendor" value="Oracle Corporation"/>
    <property name="java.version.date" value="2019-03-19"/>
    <property name="java.home" value="G:\java0\java12"/>
    <property name="file.separator" value="\"/>
    <property name="basedir" value="F:\aaEdu\education1.0\bishe-service-ucenter-auth"/>
    <property name="java.vm.compressedOopsMode" value="Zero based"/>
    <property name="line.separator" value="&#10;"/>
    <property name="java.vm.specification.vendor" value="Oracle Corporation"/>
    <property name="java.specification.name" value="Java Platform API Specification"/>
    <property name="java.awt.graphicsenv" value="sun.awt.Win32GraphicsEnvironment"/>
    <property name="surefire.real.class.path" value="C:\Users\dlice\AppData\Local\Temp\surefire11917366200221222587\surefirebooter6646040153702430072.jar"/>
    <property name="user.script" value=""/>
    <property name="sun.management.compiler" value="HotSpot 64-Bit Tiered Compilers"/>
    <property name="java.runtime.version" value="12+33"/>
    <property name="user.name" value="dlice"/>
    <property name="path.separator" value=";"/>
    <property name="os.version" value="10.0"/>
    <property name="java.runtime.name" value="Java(TM) SE Runtime Environment"/>
    <property name="file.encoding" value="GBK"/>
    <property name="java.vm.name" value="Java HotSpot(TM) 64-Bit Server VM"/>
    <property name="localRepository" value="G:\apache-maven-3.5.2\maven_repository"/>
    <property name="java.vendor.url.bug" value="https://bugreport.java.com/bugreport/"/>
    <property name="java.io.tmpdir" value="C:\Users\dlice\AppData\Local\Temp\"/>
    <property name="java.version" value="12"/>
    <property name="user.dir" value="F:\aaEdu\education1.0\bishe-service-ucenter-auth"/>
    <property name="os.arch" value="amd64"/>
    <property name="java.vm.specification.name" value="Java Virtual Machine Specification"/>
    <property name="idea.version2019.1.3" value="true"/>
    <property name="sun.os.patch.level" value=""/>
    <property name="java.library.path" value="G:\java0\java12\bin;C:\WINDOWS\Sun\Java\bin;C:\WINDOWS\system32;C:\WINDOWS;D:\Amyweb\;C:\Program Files (x86)\Common Files\Oracle\Java\javapath;C:\mingw64\bin;C:\Program Files (x86)\NVIDIA Corporation\PhysX\Common;C:\WINDOWS\system32;C:\WINDOWS;C:\WINDOWS\System32\Wbem;C:\WINDOWS\System32\WindowsPowerShell\v1.0\;C:\WINDOWS\System32\OpenSSH\;C:\Program Files\dotnet\;C:\Program Files\Microsoft SQL Server\130\Tools\Binn\;G:\java0\java12\bin;C:\Program Files (x86)\Microsoft SQL Server\100\Tools\Binn\;C:\Program Files\Microsoft SQL Server\100\Tools\Binn\;C:\Program Files\Microsoft SQL Server\100\DTS\Binn\;C:\Program Files (x86)\Microsoft SQL Server\100\Tools\Binn\VSShell\Common7\IDE\;C:\Program Files (x86)\Microsoft Visual Studio 9.0\Common7\IDE\PrivateAssemblies\;C:\Program Files (x86)\Microsoft SQL Server\100\DTS\Binn\;G:\Nodejs\;G:\gradle-5.5\bin;G:\MySql\MySql Server5.5\bin;%JAVA_HOME%;&quot;G:\apache-maven-3.5.2&quot;\bin;G:\utils\Git\cmd;G:\utils\TortoiseGit\bin;G:\db\MongoDB\bin;G:\Nodejs\npm_modules;G:\utils\OpenSSL-Win64\bin;C:\Users\dlice\AppData\Local\Microsoft\WindowsApps;C:\Users\dlice\.dotnet\tools;C:\Users\dlice\AppData\Roaming\npm;C:\Users\dlice\AppData\Local\Microsoft\WindowsApps;G:\apache-maven-3.5.2\bin;G:\Microsoft VS Code\bin;."/>
    <property name="java.vm.info" value="mixed mode, sharing"/>
    <property name="java.vendor" value="Oracle Corporation"/>
    <property name="java.vm.version" value="12+33"/>
    <property name="sun.io.unicode.encoding" value="UnicodeLittle"/>
    <property name="maven.repo.local" value="G:\apache-maven-3.5.2\maven_repository"/>
    <property name="java.class.version" value="56.0"/>
  </properties>
  <testcase name="testRedis" classname="com.bishe.auth.TestRedis" time="1.153"/>
</testsuite>